c:\users\roger\onedrive\semestr 6\si\si_2\bt+fc opt\lab_2a\x64\debug\lab_2a.pch
c:\users\roger\onedrive\semestr 6\si\si_2\bt+fc opt\lab_2a\x64\debug\vc141.pdb
c:\users\roger\onedrive\semestr 6\si\si_2\bt+fc opt\lab_2a\x64\debug\vc141.idb
c:\users\roger\onedrive\semestr 6\si\si_2\bt+fc opt\lab_2a\x64\debug\stdafx.obj
c:\users\roger\onedrive\semestr 6\si\si_2\bt+fc opt\lab_2a\x64\debug\variable.obj
c:\users\roger\onedrive\semestr 6\si\si_2\bt+fc opt\lab_2a\x64\debug\main.obj
c:\users\roger\onedrive\semestr 6\si\si_2\bt+fc opt\lab_2a\x64\debug\forwardchecking.obj
c:\users\roger\onedrive\semestr 6\si\si_2\bt+fc opt\lab_2a\x64\debug\constraint.obj
c:\users\roger\onedrive\semestr 6\si\si_2\bt+fc opt\lab_2a\x64\debug\backtracking.obj
c:\users\roger\onedrive\semestr 6\si\si_2\bt+fc opt\x64\debug\lab_2a.pdb
c:\users\roger\onedrive\semestr 6\si\si_2\bt+fc opt\lab_2a\x64\debug\lab_2a.tlog\cl.command.1.tlog
c:\users\roger\onedrive\semestr 6\si\si_2\bt+fc opt\lab_2a\x64\debug\lab_2a.tlog\cl.read.1.tlog
c:\users\roger\onedrive\semestr 6\si\si_2\bt+fc opt\lab_2a\x64\debug\lab_2a.tlog\cl.write.1.tlog
c:\users\roger\onedrive\semestr 6\si\si_2\bt+fc opt\lab_2a\x64\debug\lab_2a.tlog\link-cvtres.read.1.tlog
c:\users\roger\onedrive\semestr 6\si\si_2\bt+fc opt\lab_2a\x64\debug\lab_2a.tlog\link-cvtres.write.1.tlog
c:\users\roger\onedrive\semestr 6\si\si_2\bt+fc opt\lab_2a\x64\debug\lab_2a.tlog\link-rc.read.1.tlog
c:\users\roger\onedrive\semestr 6\si\si_2\bt+fc opt\lab_2a\x64\debug\lab_2a.tlog\link-rc.write.1.tlog
c:\users\roger\onedrive\semestr 6\si\si_2\bt+fc opt\lab_2a\x64\debug\lab_2a.tlog\link.command.1.tlog
c:\users\roger\onedrive\semestr 6\si\si_2\bt+fc opt\lab_2a\x64\debug\lab_2a.tlog\link.read.1.tlog
c:\users\roger\onedrive\semestr 6\si\si_2\bt+fc opt\lab_2a\x64\debug\lab_2a.tlog\link.write.1.tlog
